<?xml version="1.0" encoding="UTF-8"?>
<testsuite name="Academy choucair" tests="1" skipped="0" failures="0" errors="0" timestamp="2021-07-18T16:16:10" hostname="DESKTOP-ES1D4NC" time="31.561">
  <properties/>
  <testcase name="Search for a automation course" classname="Academy choucair" time="31.561"/>
  <system-out><![CDATA[]]></system-out>
  <system-err><![CDATA[[Test worker] WARN net.thucydides.core.steps.BaseStepListener - stepStarted: net.thucydides.core.steps.ExecutedStepDescription@18519cab
[Test worker] WARN net.thucydides.core.steps.BaseStepListener - stepStarted: net.thucydides.core.steps.ExecutedStepDescription@610c9e72
jul 18, 2021 6:16:11 PM org.openqa.selenium.remote.DesiredCapabilities chrome
INFORMACIÓN: Using `new ChromeOptions()` is preferred to `DesiredCapabilities.chrome()`
[Test worker] INFO net.serenitybdd.core.webdriver.driverproviders.ProvideNewDriver - Instantiating driver
[Test worker] INFO net.serenitybdd.core.webdriver.driverproviders.ProvideNewDriver - Driver capabilities: Capabilities {acceptInsecureCerts: false, browserName: chrome, chrome.switches: --start-maximized, goog:chromeOptions: {args: [--start-maximized], extensions: []}, loggingPrefs: org.openqa.selenium.logging..., platform: ANY, version: }
Starting ChromeDriver 91.0.4472.101 (af52a90bf87030dd1523486a1cd3ae25c5d76c9b-refs/branch-heads/4472@{#1462}) on port 15194
Only local connections are allowed.
Please see https://chromedriver.chromium.org/security-considerations for suggestions on keeping ChromeDriver safe.
ChromeDriver was started successfully.
jul 18, 2021 6:16:16 PM org.openqa.selenium.remote.ProtocolHandshake createSession
INFORMACIÓN: Detected dialect: W3C
[Test worker] WARN net.thucydides.core.steps.BaseStepListener - stepFinished: current outcome:Search for a automation course:Brandom open up [brandom opens the Choucair academy page]
[Test worker] WARN net.thucydides.core.steps.BaseStepListener - stepFinished: current outcome:Search for a automation course:Brandom open up [brandom opens the Choucair academy page]
[Test worker] WARN net.thucydides.core.steps.BaseStepListener - stepStarted: net.thucydides.core.steps.ExecutedStepDescription@72cef810
[Test worker] WARN net.thucydides.core.steps.BaseStepListener - stepStarted: net.thucydides.core.steps.ExecutedStepDescription@75cb037c
[Test worker] WARN net.thucydides.core.steps.BaseStepListener - stepStarted: net.thucydides.core.steps.ExecutedStepDescription@507c0170
[Test worker] WARN net.thucydides.core.steps.BaseStepListener - stepFinished: current outcome:Search for a automation course:Brandom open up [brandom opens the Choucair academy page], Given than brandom wants to learn automation at academy Choucair [Brandom login [brandom clicks on BOTON para ingresar]]
[Test worker] WARN net.thucydides.core.steps.BaseStepListener - stepStarted: net.thucydides.core.steps.ExecutedStepDescription@1421dab5
[Test worker] WARN net.thucydides.core.steps.BaseStepListener - stepFinished: current outcome:Search for a automation course:Brandom open up [brandom opens the Choucair academy page], Given than brandom wants to learn automation at academy Choucair [Brandom login [brandom clicks on BOTON para ingresar, brandom enters '1036662427' into ingresar el usuario]]
[Test worker] WARN net.thucydides.core.steps.BaseStepListener - stepStarted: net.thucydides.core.steps.ExecutedStepDescription@764a4c16
[Test worker] WARN net.thucydides.core.steps.BaseStepListener - stepFinished: current outcome:Search for a automation course:Brandom open up [brandom opens the Choucair academy page], Given than brandom wants to learn automation at academy Choucair [Brandom login [brandom clicks on BOTON para ingresar, brandom enters '1036662427' into ingresar el usuario, brandom enters 'Choucair2021*' into ingresar la contraseÃ±a]]
[Test worker] WARN net.thucydides.core.steps.BaseStepListener - stepStarted: net.thucydides.core.steps.ExecutedStepDescription@3a7611a
[Test worker] WARN net.thucydides.core.steps.BaseStepListener - stepFinished: current outcome:Search for a automation course:Brandom open up [brandom opens the Choucair academy page], Given than brandom wants to learn automation at academy Choucair [Brandom login [brandom clicks on BOTON para ingresar, brandom enters '1036662427' into ingresar el usuario, brandom enters 'Choucair2021*' into ingresar la contraseÃ±a, brandom clicks on BOTON para Acceder]]
[Test worker] WARN net.thucydides.core.steps.BaseStepListener - stepFinished: current outcome:Search for a automation course:Brandom open up [brandom opens the Choucair academy page], Given than brandom wants to learn automation at academy Choucair [Brandom login [brandom clicks on BOTON para ingresar, brandom enters '1036662427' into ingresar el usuario, brandom enters 'Choucair2021*' into ingresar la contraseÃ±a, brandom clicks on BOTON para Acceder]]
[Test worker] WARN net.thucydides.core.steps.BaseStepListener - stepFinished: current outcome:Search for a automation course:Brandom open up [brandom opens the Choucair academy page], Given than brandom wants to learn automation at academy Choucair [Brandom login [brandom clicks on BOTON para ingresar, brandom enters '1036662427' into ingresar el usuario, brandom enters 'Choucair2021*' into ingresar la contraseÃ±a, brandom clicks on BOTON para Acceder]]
[Test worker] WARN net.thucydides.core.steps.BaseStepListener - stepStarted: net.thucydides.core.steps.ExecutedStepDescription@22d1656
[Test worker] WARN net.thucydides.core.steps.BaseStepListener - stepStarted: net.thucydides.core.steps.ExecutedStepDescription@7f38a7b8
[Test worker] WARN net.thucydides.core.steps.BaseStepListener - stepStarted: net.thucydides.core.steps.ExecutedStepDescription@14746e2e
[Test worker] WARN net.thucydides.core.steps.BaseStepListener - stepFinished: current outcome:Search for a automation course:Brandom open up [brandom opens the Choucair academy page], Given than brandom wants to learn automation at academy Choucair [Brandom login [brandom clicks on BOTON para ingresar, brandom enters '1036662427' into ingresar el usuario, brandom enters 'Choucair2021*' into ingresar la contraseÃ±a, brandom clicks on BOTON para Acceder]], When he search for the course Recursos Automatizacion bancolombia on the choucair academy platform [Brandom buscar [brandom clicks on BOTON para entrar a UC]]
[Test worker] WARN net.thucydides.core.steps.BaseStepListener - stepFinished: current outcome:Search for a automation course:Brandom open up [brandom opens the Choucair academy page], Given than brandom wants to learn automation at academy Choucair [Brandom login [brandom clicks on BOTON para ingresar, brandom enters '1036662427' into ingresar el usuario, brandom enters 'Choucair2021*' into ingresar la contraseÃ±a, brandom clicks on BOTON para Acceder]], When he search for the course Recursos Automatizacion bancolombia on the choucair academy platform [Brandom buscar [brandom clicks on BOTON para entrar a UC]]
[Test worker] WARN net.thucydides.core.steps.BaseStepListener - stepFinished: current outcome:Search for a automation course:Brandom open up [brandom opens the Choucair academy page], Given than brandom wants to learn automation at academy Choucair [Brandom login [brandom clicks on BOTON para ingresar, brandom enters '1036662427' into ingresar el usuario, brandom enters 'Choucair2021*' into ingresar la contraseÃ±a, brandom clicks on BOTON para Acceder]], When he search for the course Recursos Automatizacion bancolombia on the choucair academy platform [Brandom buscar [brandom clicks on BOTON para entrar a UC]]
[Test worker] WARN net.thucydides.core.steps.BaseStepListener - stepStarted: net.thucydides.core.steps.ExecutedStepDescription@7e70a8fb
[Test worker] WARN net.thucydides.core.steps.BaseStepListener - stepFinished: current outcome:Search for a automation course:Brandom open up [brandom opens the Choucair academy page], Given than brandom wants to learn automation at academy Choucair [Brandom login [brandom clicks on BOTON para ingresar, brandom enters '1036662427' into ingresar el usuario, brandom enters 'Choucair2021*' into ingresar la contraseÃ±a, brandom clicks on BOTON para Acceder]], When he search for the course Recursos Automatizacion bancolombia on the choucair academy platform [Brandom buscar [brandom clicks on BOTON para entrar a UC]], Then he finds the course called resourses Recursos Automatizacion Bancolombia
[Test worker] WARN net.thucydides.core.steps.BaseStepListener - testFinished: Search for a automation course:Brandom open up [brandom opens the Choucair academy page], Given than brandom wants to learn automation at academy Choucair [Brandom login [brandom clicks on BOTON para ingresar, brandom enters '1036662427' into ingresar el usuario, brandom enters 'Choucair2021*' into ingresar la contraseÃ±a, brandom clicks on BOTON para Acceder]], When he search for the course Recursos Automatizacion bancolombia on the choucair academy platform [Brandom buscar [brandom clicks on BOTON para entrar a UC]], Then he finds the course called resourses Recursos Automatizacion Bancolombia
[Test worker] WARN net.thucydides.core.steps.BaseStepListener - TestOutcomes: [Search for a automation course:Brandom open up [brandom opens the Choucair academy page], Given than brandom wants to learn automation at academy Choucair [Brandom login [brandom clicks on BOTON para ingresar, brandom enters '1036662427' into ingresar el usuario, brandom enters 'Choucair2021*' into ingresar la contraseÃ±a, brandom clicks on BOTON para Acceder]], When he search for the course Recursos Automatizacion bancolombia on the choucair academy platform [Brandom buscar [brandom clicks on BOTON para entrar a UC]], Then he finds the course called resourses Recursos Automatizacion Bancolombia]
[Test worker] WARN net.thucydides.core.steps.BaseStepListener - Final testOutcomes: [Search for a automation course:Brandom open up [brandom opens the Choucair academy page], Given than brandom wants to learn automation at academy Choucair [Brandom login [brandom clicks on BOTON para ingresar, brandom enters '1036662427' into ingresar el usuario, brandom enters 'Choucair2021*' into ingresar la contraseÃ±a, brandom clicks on BOTON para Acceder]], When he search for the course Recursos Automatizacion bancolombia on the choucair academy platform [Brandom buscar [brandom clicks on BOTON para entrar a UC]], Then he finds the course called resourses Recursos Automatizacion Bancolombia]
[Test worker] INFO net.thucydides.core.steps.ConsoleLoggingListener - 
        __    _____ _____ ____ _____   ____   _    ____  ____  _____ ____  
  _     \ \  |_   _| ____/ ___|_   _| |  _ \ / \  / ___|/ ___|| ____|  _ \ 
 (_)_____| |   | | |  _| \___ \ | |   | |_) / _ \ \___ \\___ \|  _| | | | |
  _|_____| |   | | | |___ ___) || |   |  __/ ___ \ ___) |___) | |___| |_| |
 (_)     | |   |_| |_____|____/ |_|   |_| /_/   \_\____/|____/|_____|____/ 
        /_/                                                                

TEST PASSED: Search for a automation course
----------------------------------------------------------------------------
]]></system-err>
</testsuite>
