<?xml version="1.0" encoding="UTF-8"?>
<testsuite name="Academy choucair" tests="1" skipped="0" failures="0" errors="0" timestamp="2021-07-22T21:09:28" hostname="DESKTOP-ES1D4NC" time="51.63">
  <properties/>
  <testcase name="Search for a automation course" classname="Academy choucair" time="51.63"/>
  <system-out><![CDATA[]]></system-out>
  <system-err><![CDATA[[Test worker] WARN net.thucydides.core.steps.BaseStepListener - stepStarted: net.thucydides.core.steps.ExecutedStepDescription@560440cc
[Test worker] WARN net.thucydides.core.steps.BaseStepListener - stepStarted: net.thucydides.core.steps.ExecutedStepDescription@6f5be1d0
jul 22, 2021 11:09:31 PM org.openqa.selenium.remote.DesiredCapabilities chrome
INFORMACIÓN: Using `new ChromeOptions()` is preferred to `DesiredCapabilities.chrome()`
[Test worker] INFO net.serenitybdd.core.webdriver.driverproviders.ProvideNewDriver - Instantiating driver
[Test worker] INFO net.serenitybdd.core.webdriver.driverproviders.ProvideNewDriver - Driver capabilities: Capabilities {acceptInsecureCerts: false, browserName: chrome, chrome.switches: --start-maximized, goog:chromeOptions: {args: [--start-maximized], extensions: []}, loggingPrefs: org.openqa.selenium.logging..., platform: ANY, version: }
Starting ChromeDriver 91.0.4472.101 (af52a90bf87030dd1523486a1cd3ae25c5d76c9b-refs/branch-heads/4472@{#1462}) on port 33952
Only local connections are allowed.
Please see https://chromedriver.chromium.org/security-considerations for suggestions on keeping ChromeDriver safe.
ChromeDriver was started successfully.
jul 22, 2021 11:09:42 PM org.openqa.selenium.remote.ProtocolHandshake createSession
INFORMACIÓN: Detected dialect: W3C
[Test worker] WARN net.thucydides.core.steps.BaseStepListener - stepFinished: current outcome:Search for a automation course:Brandom open up [brandom opens the Choucair academy page]
[Test worker] WARN net.thucydides.core.steps.BaseStepListener - stepFinished: current outcome:Search for a automation course:Brandom open up [brandom opens the Choucair academy page]
[Test worker] WARN net.thucydides.core.steps.BaseStepListener - stepStarted: net.thucydides.core.steps.ExecutedStepDescription@217ad92e
[Test worker] WARN net.thucydides.core.steps.BaseStepListener - stepStarted: net.thucydides.core.steps.ExecutedStepDescription@3a388110
[Test worker] WARN net.thucydides.core.steps.BaseStepListener - stepStarted: net.thucydides.core.steps.ExecutedStepDescription@6ea19aa7
[Test worker] WARN net.thucydides.core.steps.BaseStepListener - stepFinished: current outcome:Search for a automation course:Brandom open up [brandom opens the Choucair academy page], Given than brandom wants to learn automation at academy Choucair
| strUser | strPassword |
| 1036662427 | Choucair2021* | [Brandom login [brandom clicks on BOTON para ingresar]]
[Test worker] WARN net.thucydides.core.steps.BaseStepListener - stepStarted: net.thucydides.core.steps.ExecutedStepDescription@405e9be9
[Test worker] WARN net.thucydides.core.steps.BaseStepListener - stepFinished: current outcome:Search for a automation course:Brandom open up [brandom opens the Choucair academy page], Given than brandom wants to learn automation at academy Choucair
| strUser | strPassword |
| 1036662427 | Choucair2021* | [Brandom login [brandom clicks on BOTON para ingresar, brandom enters '1036662427' into ingresar el usuario]]
[Test worker] WARN net.thucydides.core.steps.BaseStepListener - stepStarted: net.thucydides.core.steps.ExecutedStepDescription@599944d4
[Test worker] WARN net.thucydides.core.steps.BaseStepListener - stepFinished: current outcome:Search for a automation course:Brandom open up [brandom opens the Choucair academy page], Given than brandom wants to learn automation at academy Choucair
| strUser | strPassword |
| 1036662427 | Choucair2021* | [Brandom login [brandom clicks on BOTON para ingresar, brandom enters '1036662427' into ingresar el usuario, brandom enters 'Choucair2021*' into ingresar la contraseÃ±a]]
[Test worker] WARN net.thucydides.core.steps.BaseStepListener - stepStarted: net.thucydides.core.steps.ExecutedStepDescription@244280c6
[Test worker] WARN net.thucydides.core.steps.BaseStepListener - stepFinished: current outcome:Search for a automation course:Brandom open up [brandom opens the Choucair academy page], Given than brandom wants to learn automation at academy Choucair
| strUser | strPassword |
| 1036662427 | Choucair2021* | [Brandom login [brandom clicks on BOTON para ingresar, brandom enters '1036662427' into ingresar el usuario, brandom enters 'Choucair2021*' into ingresar la contraseÃ±a, brandom clicks on BOTON para Acceder]]
[Test worker] WARN net.thucydides.core.steps.BaseStepListener - stepFinished: current outcome:Search for a automation course:Brandom open up [brandom opens the Choucair academy page], Given than brandom wants to learn automation at academy Choucair
| strUser | strPassword |
| 1036662427 | Choucair2021* | [Brandom login [brandom clicks on BOTON para ingresar, brandom enters '1036662427' into ingresar el usuario, brandom enters 'Choucair2021*' into ingresar la contraseÃ±a, brandom clicks on BOTON para Acceder]]
[Test worker] WARN net.thucydides.core.steps.BaseStepListener - stepFinished: current outcome:Search for a automation course:Brandom open up [brandom opens the Choucair academy page], Given than brandom wants to learn automation at academy Choucair
| strUser | strPassword |
| 1036662427 | Choucair2021* | [Brandom login [brandom clicks on BOTON para ingresar, brandom enters '1036662427' into ingresar el usuario, brandom enters 'Choucair2021*' into ingresar la contraseÃ±a, brandom clicks on BOTON para Acceder]]
[Test worker] WARN net.thucydides.core.steps.BaseStepListener - stepStarted: net.thucydides.core.steps.ExecutedStepDescription@e4cf08f
[Test worker] WARN net.thucydides.core.steps.BaseStepListener - stepStarted: net.thucydides.core.steps.ExecutedStepDescription@21c9f8e5
[Test worker] WARN net.thucydides.core.steps.BaseStepListener - stepStarted: net.thucydides.core.steps.ExecutedStepDescription@5b987383
[Test worker] WARN net.thucydides.core.steps.BaseStepListener - stepFinished: current outcome:Search for a automation course:Brandom open up [brandom opens the Choucair academy page], Given than brandom wants to learn automation at academy Choucair
| strUser | strPassword |
| 1036662427 | Choucair2021* | [Brandom login [brandom clicks on BOTON para ingresar, brandom enters '1036662427' into ingresar el usuario, brandom enters 'Choucair2021*' into ingresar la contraseÃ±a, brandom clicks on BOTON para Acceder]], When he search for the course  on the choucair academy platform
| strCourse |
| Recursos Automatizacion Bancolombia | [Brandom buscar [brandom clicks on BOTON para entrar a UC]]
[Test worker] WARN net.thucydides.core.steps.BaseStepListener - stepFinished: current outcome:Search for a automation course:Brandom open up [brandom opens the Choucair academy page], Given than brandom wants to learn automation at academy Choucair
| strUser | strPassword |
| 1036662427 | Choucair2021* | [Brandom login [brandom clicks on BOTON para ingresar, brandom enters '1036662427' into ingresar el usuario, brandom enters 'Choucair2021*' into ingresar la contraseÃ±a, brandom clicks on BOTON para Acceder]], When he search for the course  on the choucair academy platform
| strCourse |
| Recursos Automatizacion Bancolombia | [Brandom buscar [brandom clicks on BOTON para entrar a UC]]
[Test worker] WARN net.thucydides.core.steps.BaseStepListener - stepFinished: current outcome:Search for a automation course:Brandom open up [brandom opens the Choucair academy page], Given than brandom wants to learn automation at academy Choucair
| strUser | strPassword |
| 1036662427 | Choucair2021* | [Brandom login [brandom clicks on BOTON para ingresar, brandom enters '1036662427' into ingresar el usuario, brandom enters 'Choucair2021*' into ingresar la contraseÃ±a, brandom clicks on BOTON para Acceder]], When he search for the course  on the choucair academy platform
| strCourse |
| Recursos Automatizacion Bancolombia | [Brandom buscar [brandom clicks on BOTON para entrar a UC]]
[Test worker] WARN net.thucydides.core.steps.BaseStepListener - stepStarted: net.thucydides.core.steps.ExecutedStepDescription@28d8fda5
[Test worker] WARN net.thucydides.core.steps.BaseStepListener - stepStarted: net.thucydides.core.steps.ExecutedStepDescription@2adcf598
[Test worker] WARN net.thucydides.core.steps.BaseStepListener - stepFinished: current outcome:Search for a automation course:Brandom open up [brandom opens the Choucair academy page], Given than brandom wants to learn automation at academy Choucair
| strUser | strPassword |
| 1036662427 | Choucair2021* | [Brandom login [brandom clicks on BOTON para ingresar, brandom enters '1036662427' into ingresar el usuario, brandom enters 'Choucair2021*' into ingresar la contraseÃ±a, brandom clicks on BOTON para Acceder]], When he search for the course  on the choucair academy platform
| strCourse |
| Recursos Automatizacion Bancolombia | [Brandom buscar [brandom clicks on BOTON para entrar a UC]], Then he finds the course called resourses
| strCourse |
| Recursos Automatizacion Bancolombia | [Then respuesta]
[Test worker] WARN net.thucydides.core.steps.BaseStepListener - stepFinished: current outcome:Search for a automation course:Brandom open up [brandom opens the Choucair academy page], Given than brandom wants to learn automation at academy Choucair
| strUser | strPassword |
| 1036662427 | Choucair2021* | [Brandom login [brandom clicks on BOTON para ingresar, brandom enters '1036662427' into ingresar el usuario, brandom enters 'Choucair2021*' into ingresar la contraseÃ±a, brandom clicks on BOTON para Acceder]], When he search for the course  on the choucair academy platform
| strCourse |
| Recursos Automatizacion Bancolombia | [Brandom buscar [brandom clicks on BOTON para entrar a UC]], Then he finds the course called resourses
| strCourse |
| Recursos Automatizacion Bancolombia | [Then respuesta]
[Test worker] WARN net.thucydides.core.steps.BaseStepListener - testFinished: Search for a automation course:Brandom open up [brandom opens the Choucair academy page], Given than brandom wants to learn automation at academy Choucair
| strUser | strPassword |
| 1036662427 | Choucair2021* | [Brandom login [brandom clicks on BOTON para ingresar, brandom enters '1036662427' into ingresar el usuario, brandom enters 'Choucair2021*' into ingresar la contraseÃ±a, brandom clicks on BOTON para Acceder]], When he search for the course  on the choucair academy platform
| strCourse |
| Recursos Automatizacion Bancolombia | [Brandom buscar [brandom clicks on BOTON para entrar a UC]], Then he finds the course called resourses
| strCourse |
| Recursos Automatizacion Bancolombia | [Then respuesta]
[Test worker] WARN net.thucydides.core.steps.BaseStepListener - TestOutcomes: [Search for a automation course:Brandom open up [brandom opens the Choucair academy page], Given than brandom wants to learn automation at academy Choucair
| strUser | strPassword |
| 1036662427 | Choucair2021* | [Brandom login [brandom clicks on BOTON para ingresar, brandom enters '1036662427' into ingresar el usuario, brandom enters 'Choucair2021*' into ingresar la contraseÃ±a, brandom clicks on BOTON para Acceder]], When he search for the course  on the choucair academy platform
| strCourse |
| Recursos Automatizacion Bancolombia | [Brandom buscar [brandom clicks on BOTON para entrar a UC]], Then he finds the course called resourses
| strCourse |
| Recursos Automatizacion Bancolombia | [Then respuesta]]
[Test worker] WARN net.thucydides.core.steps.BaseStepListener - Final testOutcomes: [Search for a automation course:Brandom open up [brandom opens the Choucair academy page], Given than brandom wants to learn automation at academy Choucair
| strUser | strPassword |
| 1036662427 | Choucair2021* | [Brandom login [brandom clicks on BOTON para ingresar, brandom enters '1036662427' into ingresar el usuario, brandom enters 'Choucair2021*' into ingresar la contraseÃ±a, brandom clicks on BOTON para Acceder]], When he search for the course  on the choucair academy platform
| strCourse |
| Recursos Automatizacion Bancolombia | [Brandom buscar [brandom clicks on BOTON para entrar a UC]], Then he finds the course called resourses
| strCourse |
| Recursos Automatizacion Bancolombia | [Then respuesta]]
[Test worker] INFO net.thucydides.core.steps.ConsoleLoggingListener - 
        __    _____ _____ ____ _____   ____   _    ____  ____  _____ ____  
  _     \ \  |_   _| ____/ ___|_   _| |  _ \ / \  / ___|/ ___|| ____|  _ \ 
 (_)_____| |   | | |  _| \___ \ | |   | |_) / _ \ \___ \\___ \|  _| | | | |
  _|_____| |   | | | |___ ___) || |   |  __/ ___ \ ___) |___) | |___| |_| |
 (_)     | |   |_| |_____|____/ |_|   |_| /_/   \_\____/|____/|_____|____/ 
        /_/                                                                

TEST PASSED: Search for a automation course
----------------------------------------------------------------------------
]]></system-err>
</testsuite>
